<?xml version="1.0" encoding="UTF-8"?>
<coverage generated="1626646055">
  <project timestamp="1626646055">
    <file name="/home/runner/work/shooglypeg-datavalidator/shooglypeg-datavalidator/src/Domain/Config.php">
      <class name="ShooglyPeg\DataValidator\Domain\Config" namespace="global">
        <metrics complexity="4" methods="4" coveredmethods="4" conditionals="0" coveredconditionals="0" statements="5" coveredstatements="5" elements="9" coveredelements="9"/>
      </class>
      <line num="12" type="method" name="__construct" visibility="public" complexity="1" crap="1" count="4"/>
      <line num="14" type="stmt" count="4"/>
      <line num="19" type="method" name="getSchemas" visibility="public" complexity="1" crap="1" count="4"/>
      <line num="21" type="stmt" count="4"/>
      <line num="27" type="method" name="getPrefix" visibility="public" complexity="1" crap="1" count="4"/>
      <line num="29" type="stmt" count="4"/>
      <line num="35" type="method" name="getAdapter" visibility="public" complexity="1" crap="1" count="4"/>
      <line num="37" type="stmt" count="4"/>
      <metrics loc="39" ncloc="27" classes="1" methods="4" coveredmethods="4" conditionals="0" coveredconditionals="0" statements="5" coveredstatements="5" elements="9" coveredelements="9"/>
    </file>
    <file name="/home/runner/work/shooglypeg-datavalidator/shooglypeg-datavalidator/src/Domain/Exceptions/JsonDataInvalid.php">
      <class name="ShooglyPeg\DataValidator\Domain\Exceptions\JsonDataInvalid" namespace="global">
        <metrics complexity="2" methods="2" coveredmethods="2" conditionals="0" coveredconditionals="0" statements="3" coveredstatements="3" elements="5" coveredelements="5"/>
      </class>
      <line num="14" type="method" name="__construct" visibility="private" complexity="1" crap="1" count="1"/>
      <line num="16" type="stmt" count="1"/>
      <line num="17" type="stmt" count="1"/>
      <line num="23" type="method" name="fromError" visibility="public" complexity="1" crap="1" count="1"/>
      <line num="25" type="stmt" count="1"/>
      <metrics loc="27" ncloc="20" classes="1" methods="2" coveredmethods="2" conditionals="0" coveredconditionals="0" statements="3" coveredstatements="3" elements="5" coveredelements="5"/>
    </file>
    <file name="/home/runner/work/shooglypeg-datavalidator/shooglypeg-datavalidator/src/Domain/Exceptions/JsonSchemaException.php">
      <class name="ShooglyPeg\DataValidator\Domain\Exceptions\JsonSchemaException" namespace="global">
        <metrics complexity="0" methods="0" coveredmethods="0" conditionals="0" coveredconditionals="0" statements="0" coveredstatements="0" elements="0" coveredelements="0"/>
      </class>
      <metrics loc="10" ncloc="9" classes="0" methods="0" coveredmethods="0" conditionals="0" coveredconditionals="0" statements="0" coveredstatements="0" elements="0" coveredelements="0"/>
    </file>
    <file name="/home/runner/work/shooglypeg-datavalidator/shooglypeg-datavalidator/src/Domain/Exceptions/JsonSchemaNotFound.php">
      <class name="ShooglyPeg\DataValidator\Domain\Exceptions\JsonSchemaNotFound" namespace="global">
        <metrics complexity="2" methods="2" coveredmethods="2" conditionals="0" coveredconditionals="0" statements="3" coveredstatements="3" elements="5" coveredelements="5"/>
      </class>
      <line num="14" type="method" name="__construct" visibility="private" complexity="1" crap="1" count="1"/>
      <line num="16" type="stmt" count="1"/>
      <line num="17" type="stmt" count="1"/>
      <line num="23" type="method" name="fromSchema" visibility="public" complexity="1" crap="1" count="1"/>
      <line num="25" type="stmt" count="1"/>
      <metrics loc="27" ncloc="20" classes="1" methods="2" coveredmethods="2" conditionals="0" coveredconditionals="0" statements="3" coveredstatements="3" elements="5" coveredelements="5"/>
    </file>
    <file name="/home/runner/work/shooglypeg-datavalidator/shooglypeg-datavalidator/src/Domain/Exceptions/JsonSchemaValidationFailed.php">
      <class name="ShooglyPeg\DataValidator\Domain\Exceptions\JsonSchemaValidationFailed" namespace="global">
        <metrics complexity="2" methods="2" coveredmethods="2" conditionals="0" coveredconditionals="0" statements="4" coveredstatements="4" elements="6" coveredelements="6"/>
      </class>
      <line num="14" type="method" name="__construct" visibility="private" complexity="1" crap="1" count="1"/>
      <line num="16" type="stmt" count="1"/>
      <line num="17" type="stmt" count="1"/>
      <line num="23" type="method" name="fromErrors" visibility="public" complexity="1" crap="1" count="1"/>
      <line num="25" type="stmt" count="1"/>
      <line num="26" type="stmt" count="1"/>
      <metrics loc="28" ncloc="21" classes="1" methods="2" coveredmethods="2" conditionals="0" coveredconditionals="0" statements="4" coveredstatements="4" elements="6" coveredelements="6"/>
    </file>
    <metrics files="5" loc="131" ncloc="97" classes="4" methods="10" coveredmethods="10" conditionals="0" coveredconditionals="0" statements="15" coveredstatements="15" elements="25" coveredelements="25"/>
  </project>
</coverage>
